Building 01-gaussian-mixture-model/01_gaussian-mixture-model.jmd
  Activating environment at `~/work/TuringTutorials/TuringTutorials/tutorials/01-gaussian-mixture-model/Project.toml`
Precompiling project...
[32m  ✓ [39m[90mNamedArrays[39m
[32m  ✓ [39mStatsPlots
[32m  ✓ [39mTuring
  3 dependencies successfully precompiled in 35 seconds (235 already precompiled)
Building Script
[ Info: Tangled to /home/runner/work/TuringTutorials/TuringTutorials/script/01-gaussian-mixture-model/01_gaussian-mixture-model.jl
Building HTML
┌ Warning: Package Weave does not have Serialization in its dependencies:
│ - If you have Weave checked out for development and have
│   added Serialization as a dependency but haven't updated your primary
│   environment's manifest file, try `Pkg.resolve()`.
│ - Otherwise you may need to report an issue with Weave
└ Loading Serialization into Weave from project dependency, future warnings for Weave are suppressed.
[ Info: No cached results found, running code
┌ Info: Weaving chunk 1 from line 12
└   progress = 0.0
┌ Info: Weaving chunk 2 from line 52
└   progress = 0.08333333333333333
[ Info: [Turing]: progress logging is disabled globally
[ Info: [AdvancedVI]: global PROGRESS is set as false
┌ Info: Weaving chunk 3 from line 59
└   progress = 0.16666666666666666
┌ Info: Weaving chunk 4 from line 93
└   progress = 0.25
┌ Info: Weaving chunk 5 from line 102
└   progress = 0.3333333333333333
┌ Info: Weaving chunk 6 from line 107
└   progress = 0.4166666666666667
┌ Info: Weaving chunk 7 from line 124
└   progress = 0.5
┌ Warning: seriestype density has been moved to StatsPlots.  To use: `Pkg.add("StatsPlots"); using StatsPlots`
└ @ Plots ~/.julia/packages/Plots/Di0Qb/src/args.jl:1525
┌ Warning: seriestype density has been moved to StatsPlots.  To use: `Pkg.add("StatsPlots"); using StatsPlots`
└ @ Plots ~/.julia/packages/Plots/Di0Qb/src/args.jl:1525
┌ Warning: seriestype density has been moved to StatsPlots.  To use: `Pkg.add("StatsPlots"); using StatsPlots`
└ @ Plots ~/.julia/packages/Plots/Di0Qb/src/args.jl:1525
┌ Warning: seriestype density has been moved to StatsPlots.  To use: `Pkg.add("StatsPlots"); using StatsPlots`
└ @ Plots ~/.julia/packages/Plots/Di0Qb/src/args.jl:1525
┌ Warning: seriestype density has been moved to StatsPlots.  To use: `Pkg.add("StatsPlots"); using StatsPlots`
└ @ Plots ~/.julia/packages/Plots/Di0Qb/src/args.jl:1525
┌ Warning: seriestype density has been moved to StatsPlots.  To use: `Pkg.add("StatsPlots"); using StatsPlots`
└ @ Plots ~/.julia/packages/Plots/Di0Qb/src/args.jl:1525
┌ Info: Weaving chunk 8 from line 133
└   progress = 0.5833333333333334
┌ Info: Weaving chunk 9 from line 139
└   progress = 0.6666666666666666
┌ Info: Weaving chunk 10 from line 150
└   progress = 0.75
┌ Info: Weaving chunk 11 from line 162
└   progress = 0.8333333333333334
┌ Info: Weaving chunk 12 from line 168
└   progress = 0.9166666666666666
┌ Info: Weaved all chunks
└   progress = 1
[ Info: Weaved to /home/runner/work/TuringTutorials/TuringTutorials/html/01-gaussian-mixture-model/01_gaussian-mixture-model.html
Building Github Markdown
[ Info: No cached results found, running code
┌ Info: Weaving chunk 1 from line 12
└   progress = 0.0
┌ Info: Weaving chunk 2 from line 52
└   progress = 0.08333333333333333
[ Info: [Turing]: progress logging is disabled globally
[ Info: [AdvancedVI]: global PROGRESS is set as false
┌ Info: Weaving chunk 3 from line 59
└   progress = 0.16666666666666666
┌ Info: Weaving chunk 4 from line 93
└   progress = 0.25
┌ Info: Weaving chunk 5 from line 102
└   progress = 0.3333333333333333
┌ Info: Weaving chunk 6 from line 107
└   progress = 0.4166666666666667
┌ Info: Weaving chunk 7 from line 124
└   progress = 0.5
┌ Warning: seriestype density has been moved to StatsPlots.  To use: `Pkg.add("StatsPlots"); using StatsPlots`
└ @ Plots ~/.julia/packages/Plots/Di0Qb/src/args.jl:1525
┌ Warning: seriestype density has been moved to StatsPlots.  To use: `Pkg.add("StatsPlots"); using StatsPlots`
└ @ Plots ~/.julia/packages/Plots/Di0Qb/src/args.jl:1525
┌ Warning: seriestype density has been moved to StatsPlots.  To use: `Pkg.add("StatsPlots"); using StatsPlots`
└ @ Plots ~/.julia/packages/Plots/Di0Qb/src/args.jl:1525
┌ Warning: seriestype density has been moved to StatsPlots.  To use: `Pkg.add("StatsPlots"); using StatsPlots`
└ @ Plots ~/.julia/packages/Plots/Di0Qb/src/args.jl:1525
┌ Warning: seriestype density has been moved to StatsPlots.  To use: `Pkg.add("StatsPlots"); using StatsPlots`
└ @ Plots ~/.julia/packages/Plots/Di0Qb/src/args.jl:1525
┌ Warning: seriestype density has been moved to StatsPlots.  To use: `Pkg.add("StatsPlots"); using StatsPlots`
└ @ Plots ~/.julia/packages/Plots/Di0Qb/src/args.jl:1525
┌ Info: Weaving chunk 8 from line 133
└   progress = 0.5833333333333334
┌ Info: Weaving chunk 9 from line 139
└   progress = 0.6666666666666666
┌ Info: Weaving chunk 10 from line 150
└   progress = 0.75
┌ Info: Weaving chunk 11 from line 162
└   progress = 0.8333333333333334
┌ Info: Weaving chunk 12 from line 168
└   progress = 0.9166666666666666
┌ Info: Weaved all chunks
└   progress = 1
[ Info: Weaved to /home/runner/work/TuringTutorials/TuringTutorials/markdown/01-gaussian-mixture-model/01_gaussian-mixture-model.md
Building Notebook
Skipping 01-gaussian-mixture-model/Manifest.toml
Skipping 01-gaussian-mixture-model/Project.toml
